<?xml version="1.0" encoding="UTF-8"?>
<testsuite name="CallBackTest" tests="4" skipped="0" failures="0" errors="0" timestamp="2022-09-10T12:06:54" hostname="LAPTOP-CTSSFH50" time="6.611">
  <properties/>
  <testcase name="ShouldPutCorrectForm()" classname="CallBackTest" time="2.353"/>
  <testcase name="NameInInglish()" classname="CallBackTest" time="1.505"/>
  <testcase name="WrongNumber()" classname="CallBackTest" time="1.383"/>
  <testcase name="ShouldPutDefice()" classname="CallBackTest" time="1.369"/>
  <system-out><![CDATA[[Test worker] INFO  io.github.bonigarcia.wdm.WebDriverManager  - Using chromedriver 105.0.5195.52 (resolved driver for Chrome 105)
[Test worker] INFO  io.github.bonigarcia.wdm.WebDriverManager  - Exporting webdriver.chrome.driver as C:\Users\about\.cache\selenium\chromedriver\win32\105.0.5195.52\chromedriver.exe
]]></system-out>
  <system-err><![CDATA[Starting ChromeDriver 105.0.5195.52 (412c95e518836d8a7d97250d62b29c2ae6a26a85-refs/branch-heads/5195@{#853}) on port 32708
Only local connections are allowed.
Please see https://chromedriver.chromium.org/security-considerations for suggestions on keeping ChromeDriver safe.
ChromeDriver was started successfully.
сент. 10, 2022 3:06:55 PM org.openqa.selenium.remote.ProtocolHandshake createSession
INFO: Detected dialect: W3C
Starting ChromeDriver 105.0.5195.52 (412c95e518836d8a7d97250d62b29c2ae6a26a85-refs/branch-heads/5195@{#853}) on port 43764
Only local connections are allowed.
Please see https://chromedriver.chromium.org/security-considerations for suggestions on keeping ChromeDriver safe.
ChromeDriver was started successfully.
сент. 10, 2022 3:06:57 PM org.openqa.selenium.remote.ProtocolHandshake createSession
INFO: Detected dialect: W3C
Starting ChromeDriver 105.0.5195.52 (412c95e518836d8a7d97250d62b29c2ae6a26a85-refs/branch-heads/5195@{#853}) on port 25088
Only local connections are allowed.
Please see https://chromedriver.chromium.org/security-considerations for suggestions on keeping ChromeDriver safe.
ChromeDriver was started successfully.
сент. 10, 2022 3:06:58 PM org.openqa.selenium.remote.ProtocolHandshake createSession
INFO: Detected dialect: W3C
Starting ChromeDriver 105.0.5195.52 (412c95e518836d8a7d97250d62b29c2ae6a26a85-refs/branch-heads/5195@{#853}) on port 16209
Only local connections are allowed.
Please see https://chromedriver.chromium.org/security-considerations for suggestions on keeping ChromeDriver safe.
ChromeDriver was started successfully.
сент. 10, 2022 3:07:00 PM org.openqa.selenium.remote.ProtocolHandshake createSession
INFO: Detected dialect: W3C
]]></system-err>
</testsuite>
