<?xml version="1.0" encoding="UTF-8"?>
<testsuite name="CallBackTest" tests="1" skipped="0" failures="0" errors="0" timestamp="2022-09-09T20:57:50" hostname="LAPTOP-CTSSFH50" time="1.458">
  <properties/>
  <testcase name="WrongNumber()" classname="CallBackTest" time="1.458"/>
  <system-out><![CDATA[]]></system-out>
  <system-err><![CDATA[Starting ChromeDriver 105.0.5195.52 (412c95e518836d8a7d97250d62b29c2ae6a26a85-refs/branch-heads/5195@{#853}) on port 5609
Only local connections are allowed.
Please see https://chromedriver.chromium.org/security-considerations for suggestions on keeping ChromeDriver safe.
ChromeDriver was started successfully.
сент. 09, 2022 11:57:51 PM org.openqa.selenium.remote.ProtocolHandshake createSession
INFO: Detected dialect: W3C
]]></system-err>
</testsuite>
